<?xml version="1.0" encoding="UTF-8"?>
<!-- Generated by org.testng.reporters.JUnitReportReporter -->
<testsuite hostname="LAPTOP-8UI5U1I2" failures="0" tests="1" name="testCases.TC01_AccountReg" time="5.385" errors="0" timestamp="2024-09-24T00:20:57 IST" skipped="0">
  <testcase classname="testCases.TC01_AccountReg" name="verify_account_registration" time="5.385"/>
</testsuite> <!-- testCases.TC01_AccountReg -->
